<?xml version="1.0" encoding="UTF-8"?>
<testsuite xmlns:xsi="http://www.w3.org/2001/XMLSchema-instance" xsi:noNamespaceSchemaLocation="https://maven.apache.org/surefire/maven-surefire-plugin/xsd/surefire-test-report.xsd" name="com.zzq.AppTest" time="0.026" tests="1" errors="0" skipped="0" failures="0">
  <properties>
    <property name="sun.desktop" value="windows"/>
    <property name="awt.toolkit" value="sun.awt.windows.WToolkit"/>
    <property name="file.encoding.pkg" value="sun.io"/>
    <property name="java.specification.version" value="1.8"/>
    <property name="sun.cpu.isalist" value="amd64"/>
    <property name="sun.jnu.encoding" value="GBK"/>
    <property name="java.class.path" value="D:\java\combat\target\test-classes;D:\java\combat\target\classes;D:\java\repository\org\mybatis\spring\boot\mybatis-spring-boot-starter\1.3.0\mybatis-spring-boot-starter-1.3.0.jar;D:\java\repository\org\springframework\boot\spring-boot-starter\1.5.6.RELEASE\spring-boot-starter-1.5.6.RELEASE.jar;D:\java\repository\org\springframework\boot\spring-boot\1.5.6.RELEASE\spring-boot-1.5.6.RELEASE.jar;D:\java\repository\org\springframework\boot\spring-boot-starter-logging\1.5.6.RELEASE\spring-boot-starter-logging-1.5.6.RELEASE.jar;D:\java\repository\ch\qos\logback\logback-classic\1.1.11\logback-classic-1.1.11.jar;D:\java\repository\ch\qos\logback\logback-core\1.1.11\logback-core-1.1.11.jar;D:\java\repository\org\slf4j\jcl-over-slf4j\1.7.25\jcl-over-slf4j-1.7.25.jar;D:\java\repository\org\slf4j\jul-to-slf4j\1.7.25\jul-to-slf4j-1.7.25.jar;D:\java\repository\org\slf4j\log4j-over-slf4j\1.7.25\log4j-over-slf4j-1.7.25.jar;D:\java\repository\org\yaml\snakeyaml\1.17\snakeyaml-1.17.jar;D:\java\repository\org\springframework\boot\spring-boot-starter-jdbc\1.5.6.RELEASE\spring-boot-starter-jdbc-1.5.6.RELEASE.jar;D:\java\repository\org\apache\tomcat\tomcat-jdbc\8.5.16\tomcat-jdbc-8.5.16.jar;D:\java\repository\org\apache\tomcat\tomcat-juli\8.5.16\tomcat-juli-8.5.16.jar;D:\java\repository\org\springframework\spring-jdbc\4.3.10.RELEASE\spring-jdbc-4.3.10.RELEASE.jar;D:\java\repository\org\springframework\spring-tx\4.3.10.RELEASE\spring-tx-4.3.10.RELEASE.jar;D:\java\repository\org\mybatis\spring\boot\mybatis-spring-boot-autoconfigure\1.3.0\mybatis-spring-boot-autoconfigure-1.3.0.jar;D:\java\repository\org\mybatis\mybatis\3.4.4\mybatis-3.4.4.jar;D:\java\repository\org\mybatis\mybatis-spring\1.3.1\mybatis-spring-1.3.1.jar;D:\java\repository\org\springframework\boot\spring-boot-starter-thymeleaf\1.5.6.RELEASE\spring-boot-starter-thymeleaf-1.5.6.RELEASE.jar;D:\java\repository\org\thymeleaf\thymeleaf-spring4\2.1.5.RELEASE\thymeleaf-spring4-2.1.5.RELEASE.jar;D:\java\repository\org\thymeleaf\thymeleaf\2.1.5.RELEASE\thymeleaf-2.1.5.RELEASE.jar;D:\java\repository\ognl\ognl\3.0.8\ognl-3.0.8.jar;D:\java\repository\org\javassist\javassist\3.21.0-GA\javassist-3.21.0-GA.jar;D:\java\repository\org\unbescape\unbescape\1.1.0.RELEASE\unbescape-1.1.0.RELEASE.jar;D:\java\repository\nz\net\ultraq\thymeleaf\thymeleaf-layout-dialect\1.4.0\thymeleaf-layout-dialect-1.4.0.jar;D:\java\repository\org\codehaus\groovy\groovy\2.4.12\groovy-2.4.12.jar;D:\java\repository\org\springframework\boot\spring-boot-starter-web\1.5.6.RELEASE\spring-boot-starter-web-1.5.6.RELEASE.jar;D:\java\repository\org\springframework\boot\spring-boot-starter-tomcat\1.5.6.RELEASE\spring-boot-starter-tomcat-1.5.6.RELEASE.jar;D:\java\repository\org\apache\tomcat\embed\tomcat-embed-core\8.5.16\tomcat-embed-core-8.5.16.jar;D:\java\repository\org\apache\tomcat\embed\tomcat-embed-el\8.5.16\tomcat-embed-el-8.5.16.jar;D:\java\repository\org\apache\tomcat\embed\tomcat-embed-websocket\8.5.16\tomcat-embed-websocket-8.5.16.jar;D:\java\repository\org\hibernate\hibernate-validator\5.3.5.Final\hibernate-validator-5.3.5.Final.jar;D:\java\repository\javax\validation\validation-api\1.1.0.Final\validation-api-1.1.0.Final.jar;D:\java\repository\org\jboss\logging\jboss-logging\3.3.1.Final\jboss-logging-3.3.1.Final.jar;D:\java\repository\org\springframework\spring-web\4.3.10.RELEASE\spring-web-4.3.10.RELEASE.jar;D:\java\repository\org\springframework\spring-aop\4.3.10.RELEASE\spring-aop-4.3.10.RELEASE.jar;D:\java\repository\org\springframework\spring-beans\4.3.10.RELEASE\spring-beans-4.3.10.RELEASE.jar;D:\java\repository\org\springframework\spring-context\4.3.10.RELEASE\spring-context-4.3.10.RELEASE.jar;D:\java\repository\org\springframework\spring-webmvc\4.3.10.RELEASE\spring-webmvc-4.3.10.RELEASE.jar;D:\java\repository\org\springframework\spring-expression\4.3.10.RELEASE\spring-expression-4.3.10.RELEASE.jar;D:\java\repository\org\springframework\boot\spring-boot-starter-test\1.5.6.RELEASE\spring-boot-starter-test-1.5.6.RELEASE.jar;D:\java\repository\org\springframework\boot\spring-boot-test\1.5.6.RELEASE\spring-boot-test-1.5.6.RELEASE.jar;D:\java\repository\org\springframework\boot\spring-boot-test-autoconfigure\1.5.6.RELEASE\spring-boot-test-autoconfigure-1.5.6.RELEASE.jar;D:\java\repository\com\jayway\jsonpath\json-path\2.2.0\json-path-2.2.0.jar;D:\java\repository\net\minidev\json-smart\2.2.1\json-smart-2.2.1.jar;D:\java\repository\net\minidev\accessors-smart\1.1\accessors-smart-1.1.jar;D:\java\repository\org\ow2\asm\asm\5.0.3\asm-5.0.3.jar;D:\java\repository\org\assertj\assertj-core\2.6.0\assertj-core-2.6.0.jar;D:\java\repository\org\mockito\mockito-core\1.10.19\mockito-core-1.10.19.jar;D:\java\repository\org\objenesis\objenesis\2.1\objenesis-2.1.jar;D:\java\repository\org\hamcrest\hamcrest-core\1.3\hamcrest-core-1.3.jar;D:\java\repository\org\hamcrest\hamcrest-library\1.3\hamcrest-library-1.3.jar;D:\java\repository\org\skyscreamer\jsonassert\1.4.0\jsonassert-1.4.0.jar;D:\java\repository\com\vaadin\external\google\android-json\0.0.20131108.vaadin1\android-json-0.0.20131108.vaadin1.jar;D:\java\repository\org\springframework\spring-core\4.3.10.RELEASE\spring-core-4.3.10.RELEASE.jar;D:\java\repository\org\springframework\spring-test\4.3.10.RELEASE\spring-test-4.3.10.RELEASE.jar;D:\java\repository\mysql\mysql-connector-java\8.0.11\mysql-connector-java-8.0.11.jar;D:\java\repository\com\google\protobuf\protobuf-java\2.6.0\protobuf-java-2.6.0.jar;D:\java\repository\com\fasterxml\jackson\core\jackson-core\2.8.9\jackson-core-2.8.9.jar;D:\java\repository\com\fasterxml\jackson\core\jackson-databind\2.8.9\jackson-databind-2.8.9.jar;D:\java\repository\com\fasterxml\jackson\core\jackson-annotations\2.8.0\jackson-annotations-2.8.0.jar;D:\java\repository\com\fasterxml\jackson\datatype\jackson-datatype-joda\2.8.9\jackson-datatype-joda-2.8.9.jar;D:\java\repository\joda-time\joda-time\2.9.9\joda-time-2.9.9.jar;D:\java\repository\com\fasterxml\jackson\module\jackson-module-parameter-names\2.8.9\jackson-module-parameter-names-2.8.9.jar;D:\java\repository\com\github\pagehelper\pagehelper-spring-boot-starter\1.1.2\pagehelper-spring-boot-starter-1.1.2.jar;D:\java\repository\com\github\pagehelper\pagehelper-spring-boot-autoconfigure\1.1.2\pagehelper-spring-boot-autoconfigure-1.1.2.jar;D:\java\repository\com\github\pagehelper\pagehelper\5.0.3\pagehelper-5.0.3.jar;D:\java\repository\com\github\jsqlparser\jsqlparser\1.0\jsqlparser-1.0.jar;D:\java\repository\com\alibaba\druid-spring-boot-starter\1.1.0\druid-spring-boot-starter-1.1.0.jar;D:\java\repository\com\alibaba\druid\1.1.0\druid-1.1.0.jar;D:\Java\jdk1.8.0_77\jre\..\lib\jconsole.jar;D:\Java\jdk1.8.0_77\jre\..\lib\tools.jar;D:\java\repository\org\springframework\boot\spring-boot-autoconfigure\1.5.6.RELEASE\spring-boot-autoconfigure-1.5.6.RELEASE.jar;D:\java\repository\io\springfox\springfox-swagger2\2.2.2\springfox-swagger2-2.2.2.jar;D:\java\repository\org\mapstruct\mapstruct\1.0.0.CR1\mapstruct-1.0.0.CR1.jar;D:\java\repository\io\swagger\swagger-annotations\1.5.3\swagger-annotations-1.5.3.jar;D:\java\repository\io\swagger\swagger-models\1.5.3\swagger-models-1.5.3.jar;D:\java\repository\io\springfox\springfox-spi\2.2.2\springfox-spi-2.2.2.jar;D:\java\repository\io\springfox\springfox-core\2.2.2\springfox-core-2.2.2.jar;D:\java\repository\io\springfox\springfox-schema\2.2.2\springfox-schema-2.2.2.jar;D:\java\repository\io\springfox\springfox-swagger-common\2.2.2\springfox-swagger-common-2.2.2.jar;D:\java\repository\io\springfox\springfox-spring-web\2.2.2\springfox-spring-web-2.2.2.jar;D:\java\repository\com\google\guava\guava\18.0\guava-18.0.jar;D:\java\repository\com\fasterxml\classmate\1.3.3\classmate-1.3.3.jar;D:\java\repository\org\slf4j\slf4j-api\1.7.25\slf4j-api-1.7.25.jar;D:\java\repository\org\aspectj\aspectjrt\1.8.10\aspectjrt-1.8.10.jar;D:\java\repository\org\aspectj\aspectjweaver\1.8.10\aspectjweaver-1.8.10.jar;D:\java\repository\org\springframework\plugin\spring-plugin-core\1.2.0.RELEASE\spring-plugin-core-1.2.0.RELEASE.jar;D:\java\repository\org\springframework\plugin\spring-plugin-metadata\1.2.0.RELEASE\spring-plugin-metadata-1.2.0.RELEASE.jar;D:\java\repository\org\springframework\hateoas\spring-hateoas\0.23.0.RELEASE\spring-hateoas-0.23.0.RELEASE.jar;D:\java\repository\io\springfox\springfox-swagger-ui\2.2.2\springfox-swagger-ui-2.2.2.jar;D:\java\repository\junit\junit\4.11\junit-4.11.jar;"/>
    <property name="java.vm.vendor" value="Oracle Corporation"/>
    <property name="sun.arch.data.model" value="64"/>
    <property name="user.variant" value=""/>
    <property name="java.vendor.url" value="http://java.oracle.com/"/>
    <property name="user.timezone" value="Asia/Shanghai"/>
    <property name="java.vm.specification.version" value="1.8"/>
    <property name="os.name" value="Windows 7"/>
    <property name="user.country" value="CN"/>
    <property name="sun.java.launcher" value="SUN_STANDARD"/>
    <property name="sun.boot.library.path" value="D:\Java\jdk1.8.0_77\jre\bin"/>
    <property name="sun.java.command" value="C:\Users\ZHUZIQ~1\AppData\Local\Temp\surefire5828056464342668780\surefirebooter2441602337418952911.jar C:\Users\zhuziqiang\AppData\Local\Temp\surefire5828056464342668780 2019-01-17T16-21-29_240-jvmRun1 surefire6395283908588981142tmp surefire_08142590507901536339tmp"/>
    <property name="surefire.test.class.path" value="D:\java\combat\target\test-classes;D:\java\combat\target\classes;D:\java\repository\org\mybatis\spring\boot\mybatis-spring-boot-starter\1.3.0\mybatis-spring-boot-starter-1.3.0.jar;D:\java\repository\org\springframework\boot\spring-boot-starter\1.5.6.RELEASE\spring-boot-starter-1.5.6.RELEASE.jar;D:\java\repository\org\springframework\boot\spring-boot\1.5.6.RELEASE\spring-boot-1.5.6.RELEASE.jar;D:\java\repository\org\springframework\boot\spring-boot-starter-logging\1.5.6.RELEASE\spring-boot-starter-logging-1.5.6.RELEASE.jar;D:\java\repository\ch\qos\logback\logback-classic\1.1.11\logback-classic-1.1.11.jar;D:\java\repository\ch\qos\logback\logback-core\1.1.11\logback-core-1.1.11.jar;D:\java\repository\org\slf4j\jcl-over-slf4j\1.7.25\jcl-over-slf4j-1.7.25.jar;D:\java\repository\org\slf4j\jul-to-slf4j\1.7.25\jul-to-slf4j-1.7.25.jar;D:\java\repository\org\slf4j\log4j-over-slf4j\1.7.25\log4j-over-slf4j-1.7.25.jar;D:\java\repository\org\yaml\snakeyaml\1.17\snakeyaml-1.17.jar;D:\java\repository\org\springframework\boot\spring-boot-starter-jdbc\1.5.6.RELEASE\spring-boot-starter-jdbc-1.5.6.RELEASE.jar;D:\java\repository\org\apache\tomcat\tomcat-jdbc\8.5.16\tomcat-jdbc-8.5.16.jar;D:\java\repository\org\apache\tomcat\tomcat-juli\8.5.16\tomcat-juli-8.5.16.jar;D:\java\repository\org\springframework\spring-jdbc\4.3.10.RELEASE\spring-jdbc-4.3.10.RELEASE.jar;D:\java\repository\org\springframework\spring-tx\4.3.10.RELEASE\spring-tx-4.3.10.RELEASE.jar;D:\java\repository\org\mybatis\spring\boot\mybatis-spring-boot-autoconfigure\1.3.0\mybatis-spring-boot-autoconfigure-1.3.0.jar;D:\java\repository\org\mybatis\mybatis\3.4.4\mybatis-3.4.4.jar;D:\java\repository\org\mybatis\mybatis-spring\1.3.1\mybatis-spring-1.3.1.jar;D:\java\repository\org\springframework\boot\spring-boot-starter-thymeleaf\1.5.6.RELEASE\spring-boot-starter-thymeleaf-1.5.6.RELEASE.jar;D:\java\repository\org\thymeleaf\thymeleaf-spring4\2.1.5.RELEASE\thymeleaf-spring4-2.1.5.RELEASE.jar;D:\java\repository\org\thymeleaf\thymeleaf\2.1.5.RELEASE\thymeleaf-2.1.5.RELEASE.jar;D:\java\repository\ognl\ognl\3.0.8\ognl-3.0.8.jar;D:\java\repository\org\javassist\javassist\3.21.0-GA\javassist-3.21.0-GA.jar;D:\java\repository\org\unbescape\unbescape\1.1.0.RELEASE\unbescape-1.1.0.RELEASE.jar;D:\java\repository\nz\net\ultraq\thymeleaf\thymeleaf-layout-dialect\1.4.0\thymeleaf-layout-dialect-1.4.0.jar;D:\java\repository\org\codehaus\groovy\groovy\2.4.12\groovy-2.4.12.jar;D:\java\repository\org\springframework\boot\spring-boot-starter-web\1.5.6.RELEASE\spring-boot-starter-web-1.5.6.RELEASE.jar;D:\java\repository\org\springframework\boot\spring-boot-starter-tomcat\1.5.6.RELEASE\spring-boot-starter-tomcat-1.5.6.RELEASE.jar;D:\java\repository\org\apache\tomcat\embed\tomcat-embed-core\8.5.16\tomcat-embed-core-8.5.16.jar;D:\java\repository\org\apache\tomcat\embed\tomcat-embed-el\8.5.16\tomcat-embed-el-8.5.16.jar;D:\java\repository\org\apache\tomcat\embed\tomcat-embed-websocket\8.5.16\tomcat-embed-websocket-8.5.16.jar;D:\java\repository\org\hibernate\hibernate-validator\5.3.5.Final\hibernate-validator-5.3.5.Final.jar;D:\java\repository\javax\validation\validation-api\1.1.0.Final\validation-api-1.1.0.Final.jar;D:\java\repository\org\jboss\logging\jboss-logging\3.3.1.Final\jboss-logging-3.3.1.Final.jar;D:\java\repository\org\springframework\spring-web\4.3.10.RELEASE\spring-web-4.3.10.RELEASE.jar;D:\java\repository\org\springframework\spring-aop\4.3.10.RELEASE\spring-aop-4.3.10.RELEASE.jar;D:\java\repository\org\springframework\spring-beans\4.3.10.RELEASE\spring-beans-4.3.10.RELEASE.jar;D:\java\repository\org\springframework\spring-context\4.3.10.RELEASE\spring-context-4.3.10.RELEASE.jar;D:\java\repository\org\springframework\spring-webmvc\4.3.10.RELEASE\spring-webmvc-4.3.10.RELEASE.jar;D:\java\repository\org\springframework\spring-expression\4.3.10.RELEASE\spring-expression-4.3.10.RELEASE.jar;D:\java\repository\org\springframework\boot\spring-boot-starter-test\1.5.6.RELEASE\spring-boot-starter-test-1.5.6.RELEASE.jar;D:\java\repository\org\springframework\boot\spring-boot-test\1.5.6.RELEASE\spring-boot-test-1.5.6.RELEASE.jar;D:\java\repository\org\springframework\boot\spring-boot-test-autoconfigure\1.5.6.RELEASE\spring-boot-test-autoconfigure-1.5.6.RELEASE.jar;D:\java\repository\com\jayway\jsonpath\json-path\2.2.0\json-path-2.2.0.jar;D:\java\repository\net\minidev\json-smart\2.2.1\json-smart-2.2.1.jar;D:\java\repository\net\minidev\accessors-smart\1.1\accessors-smart-1.1.jar;D:\java\repository\org\ow2\asm\asm\5.0.3\asm-5.0.3.jar;D:\java\repository\org\assertj\assertj-core\2.6.0\assertj-core-2.6.0.jar;D:\java\repository\org\mockito\mockito-core\1.10.19\mockito-core-1.10.19.jar;D:\java\repository\org\objenesis\objenesis\2.1\objenesis-2.1.jar;D:\java\repository\org\hamcrest\hamcrest-core\1.3\hamcrest-core-1.3.jar;D:\java\repository\org\hamcrest\hamcrest-library\1.3\hamcrest-library-1.3.jar;D:\java\repository\org\skyscreamer\jsonassert\1.4.0\jsonassert-1.4.0.jar;D:\java\repository\com\vaadin\external\google\android-json\0.0.20131108.vaadin1\android-json-0.0.20131108.vaadin1.jar;D:\java\repository\org\springframework\spring-core\4.3.10.RELEASE\spring-core-4.3.10.RELEASE.jar;D:\java\repository\org\springframework\spring-test\4.3.10.RELEASE\spring-test-4.3.10.RELEASE.jar;D:\java\repository\mysql\mysql-connector-java\8.0.11\mysql-connector-java-8.0.11.jar;D:\java\repository\com\google\protobuf\protobuf-java\2.6.0\protobuf-java-2.6.0.jar;D:\java\repository\com\fasterxml\jackson\core\jackson-core\2.8.9\jackson-core-2.8.9.jar;D:\java\repository\com\fasterxml\jackson\core\jackson-databind\2.8.9\jackson-databind-2.8.9.jar;D:\java\repository\com\fasterxml\jackson\core\jackson-annotations\2.8.0\jackson-annotations-2.8.0.jar;D:\java\repository\com\fasterxml\jackson\datatype\jackson-datatype-joda\2.8.9\jackson-datatype-joda-2.8.9.jar;D:\java\repository\joda-time\joda-time\2.9.9\joda-time-2.9.9.jar;D:\java\repository\com\fasterxml\jackson\module\jackson-module-parameter-names\2.8.9\jackson-module-parameter-names-2.8.9.jar;D:\java\repository\com\github\pagehelper\pagehelper-spring-boot-starter\1.1.2\pagehelper-spring-boot-starter-1.1.2.jar;D:\java\repository\com\github\pagehelper\pagehelper-spring-boot-autoconfigure\1.1.2\pagehelper-spring-boot-autoconfigure-1.1.2.jar;D:\java\repository\com\github\pagehelper\pagehelper\5.0.3\pagehelper-5.0.3.jar;D:\java\repository\com\github\jsqlparser\jsqlparser\1.0\jsqlparser-1.0.jar;D:\java\repository\com\alibaba\druid-spring-boot-starter\1.1.0\druid-spring-boot-starter-1.1.0.jar;D:\java\repository\com\alibaba\druid\1.1.0\druid-1.1.0.jar;D:\Java\jdk1.8.0_77\jre\..\lib\jconsole.jar;D:\Java\jdk1.8.0_77\jre\..\lib\tools.jar;D:\java\repository\org\springframework\boot\spring-boot-autoconfigure\1.5.6.RELEASE\spring-boot-autoconfigure-1.5.6.RELEASE.jar;D:\java\repository\io\springfox\springfox-swagger2\2.2.2\springfox-swagger2-2.2.2.jar;D:\java\repository\org\mapstruct\mapstruct\1.0.0.CR1\mapstruct-1.0.0.CR1.jar;D:\java\repository\io\swagger\swagger-annotations\1.5.3\swagger-annotations-1.5.3.jar;D:\java\repository\io\swagger\swagger-models\1.5.3\swagger-models-1.5.3.jar;D:\java\repository\io\springfox\springfox-spi\2.2.2\springfox-spi-2.2.2.jar;D:\java\repository\io\springfox\springfox-core\2.2.2\springfox-core-2.2.2.jar;D:\java\repository\io\springfox\springfox-schema\2.2.2\springfox-schema-2.2.2.jar;D:\java\repository\io\springfox\springfox-swagger-common\2.2.2\springfox-swagger-common-2.2.2.jar;D:\java\repository\io\springfox\springfox-spring-web\2.2.2\springfox-spring-web-2.2.2.jar;D:\java\repository\com\google\guava\guava\18.0\guava-18.0.jar;D:\java\repository\com\fasterxml\classmate\1.3.3\classmate-1.3.3.jar;D:\java\repository\org\slf4j\slf4j-api\1.7.25\slf4j-api-1.7.25.jar;D:\java\repository\org\aspectj\aspectjrt\1.8.10\aspectjrt-1.8.10.jar;D:\java\repository\org\aspectj\aspectjweaver\1.8.10\aspectjweaver-1.8.10.jar;D:\java\repository\org\springframework\plugin\spring-plugin-core\1.2.0.RELEASE\spring-plugin-core-1.2.0.RELEASE.jar;D:\java\repository\org\springframework\plugin\spring-plugin-metadata\1.2.0.RELEASE\spring-plugin-metadata-1.2.0.RELEASE.jar;D:\java\repository\org\springframework\hateoas\spring-hateoas\0.23.0.RELEASE\spring-hateoas-0.23.0.RELEASE.jar;D:\java\repository\io\springfox\springfox-swagger-ui\2.2.2\springfox-swagger-ui-2.2.2.jar;D:\java\repository\junit\junit\4.11\junit-4.11.jar;"/>
    <property name="sun.cpu.endian" value="little"/>
    <property name="user.home" value="C:\Users\zhuziqiang"/>
    <property name="user.language" value="zh"/>
    <property name="java.specification.vendor" value="Oracle Corporation"/>
    <property name="java.home" value="D:\Java\jdk1.8.0_77\jre"/>
    <property name="basedir" value="D:\java\combat"/>
    <property name="file.separator" value="\"/>
    <property name="line.separator" value="&#10;"/>
    <property name="java.vm.specification.vendor" value="Oracle Corporation"/>
    <property name="java.specification.name" value="Java Platform API Specification"/>
    <property name="java.awt.graphicsenv" value="sun.awt.Win32GraphicsEnvironment"/>
    <property name="surefire.real.class.path" value="C:\Users\ZHUZIQ~1\AppData\Local\Temp\surefire5828056464342668780\surefirebooter2441602337418952911.jar"/>
    <property name="sun.boot.class.path" value="D:\Java\jdk1.8.0_77\jre\lib\resources.jar;D:\Java\jdk1.8.0_77\jre\lib\rt.jar;D:\Java\jdk1.8.0_77\jre\lib\sunrsasign.jar;D:\Java\jdk1.8.0_77\jre\lib\jsse.jar;D:\Java\jdk1.8.0_77\jre\lib\jce.jar;D:\Java\jdk1.8.0_77\jre\lib\charsets.jar;D:\Java\jdk1.8.0_77\jre\lib\jfr.jar;D:\Java\jdk1.8.0_77\jre\classes"/>
    <property name="user.script" value=""/>
    <property name="sun.management.compiler" value="HotSpot 64-Bit Tiered Compilers"/>
    <property name="java.runtime.version" value="1.8.0_77-b03"/>
    <property name="user.name" value="zhuziqiang"/>
    <property name="path.separator" value=";"/>
    <property name="os.version" value="6.1"/>
    <property name="java.endorsed.dirs" value="D:\Java\jdk1.8.0_77\jre\lib\endorsed"/>
    <property name="java.runtime.name" value="Java(TM) SE Runtime Environment"/>
    <property name="file.encoding" value="GBK"/>
    <property name="java.vm.name" value="Java HotSpot(TM) 64-Bit Server VM"/>
    <property name="localRepository" value="D:\java\repository"/>
    <property name="java.vendor.url.bug" value="http://bugreport.sun.com/bugreport/"/>
    <property name="java.io.tmpdir" value="C:\Users\ZHUZIQ~1\AppData\Local\Temp\"/>
    <property name="idea.version" value="2018.1.2"/>
    <property name="java.version" value="1.8.0_77"/>
    <property name="user.dir" value="D:\java\combat"/>
    <property name="os.arch" value="amd64"/>
    <property name="java.vm.specification.name" value="Java Virtual Machine Specification"/>
    <property name="java.awt.printerjob" value="sun.awt.windows.WPrinterJob"/>
    <property name="sun.os.patch.level" value="Service Pack 1"/>
    <property name="java.library.path" value="D:\Java\jdk1.8.0_77\jre\bin;C:\Windows\Sun\Java\bin;C:\Windows\system32;C:\Windows;C:\ProgramData\Oracle\Java\javapath;C:\Windows\system32;C:\Windows;C:\Windows\System32\Wbem;C:\Windows\System32\WindowsPowerShell\v1.0\;C:\Program Files (x86)\Enterprise Vault\EVClient\;C:\Program Files\EsafeNet\Cobra DocGuard Client;D:\soft\git\Git\cmd;D:\java\jdk1.8.0_77\bin;D:\java\apache-maven-3.3.9\bin;D:\soft\mysql-8.0.13-winx64\bin;."/>
    <property name="java.vm.info" value="mixed mode"/>
    <property name="java.vendor" value="Oracle Corporation"/>
    <property name="java.vm.version" value="25.77-b03"/>
    <property name="java.ext.dirs" value="D:\Java\jdk1.8.0_77\jre\lib\ext;C:\Windows\Sun\Java\lib\ext"/>
    <property name="sun.io.unicode.encoding" value="UnicodeLittle"/>
    <property name="java.class.version" value="52.0"/>
  </properties>
  <testcase name="shouldAnswerWithTrue" classname="com.zzq.AppTest" time="0.001"/>
</testsuite>